
*** Running vivado
    with args -log top.vdi -applog -m64 -product Vivado -messageDb vivado.pb -mode batch -source top.tcl -notrace



****** Vivado v2025.1 (64-bit)
  **** SW Build 6140274 on Thu May 22 00:12:29 MDT 2025
  **** IP Build 6138677 on Thu May 22 03:10:11 MDT 2025
  **** SharedData Build 6139179 on Tue May 20 17:58:58 MDT 2025
  **** Start of session at: Fri Apr 24 08:10:51 2026
    ** Copyright 1986-2022 Xilinx, Inc. All Rights Reserved.
    ** Copyright 2022-2025 Advanced Micro Devices, Inc. All Rights Reserved.

source top.tcl -notrace
create_project: Time (s): cpu = 00:00:19 ; elapsed = 00:00:11 . Memory (MB): peak = 493.719 ; gain = 215.465
Command: link_design -top top -part xc7a35tcpg236-1
Design is defaulting to srcset: sources_1
Design is defaulting to constrset: constrs_1
INFO: [Device 21-403] Loading part xc7a35tcpg236-1
INFO: [Project 1-5699] Read binary netlist with skipMacroContent - 1
INFO: [Project 1-454] Reading design checkpoint 'c:/Users/Tudor/Desktop/test_rom/project_1/project_1.gen/sources_1/ip/clk_wiz_0_1/clk_wiz_0.dcp' for cell 'clock_gen_inst'
Netlist sorting complete. Time (s): cpu = 00:00:00 ; elapsed = 00:00:00.023 . Memory (MB): peak = 704.293 ; gain = 0.000
INFO: [Netlist 29-17] Analyzing 53 Unisim elements for replacement
INFO: [Netlist 29-28] Unisim Transformation completed in 0 CPU seconds
INFO: [Project 1-479] Netlist was created with Vivado 2025.1
INFO: [Project 1-570] Preparing netlist for logic optimization
Parsing XDC File [c:/Users/Tudor/Desktop/test_rom/project_1/project_1.gen/sources_1/ip/clk_wiz_0_1/clk_wiz_0_board.xdc] for cell 'clock_gen_inst/inst'
Finished Parsing XDC File [c:/Users/Tudor/Desktop/test_rom/project_1/project_1.gen/sources_1/ip/clk_wiz_0_1/clk_wiz_0_board.xdc] for cell 'clock_gen_inst/inst'
Parsing XDC File [c:/Users/Tudor/Desktop/test_rom/project_1/project_1.gen/sources_1/ip/clk_wiz_0_1/clk_wiz_0.xdc] for cell 'clock_gen_inst/inst'
INFO: [Timing 38-35] Done setting XDC timing constraints. [c:/Users/Tudor/Desktop/test_rom/project_1/project_1.gen/sources_1/ip/clk_wiz_0_1/clk_wiz_0.xdc:54]
INFO: [Timing 38-2] Deriving generated clocks [c:/Users/Tudor/Desktop/test_rom/project_1/project_1.gen/sources_1/ip/clk_wiz_0_1/clk_wiz_0.xdc:54]
get_clocks: Time (s): cpu = 00:00:12 ; elapsed = 00:00:13 . Memory (MB): peak = 1341.086 ; gain = 507.305
Finished Parsing XDC File [c:/Users/Tudor/Desktop/test_rom/project_1/project_1.gen/sources_1/ip/clk_wiz_0_1/clk_wiz_0.xdc] for cell 'clock_gen_inst/inst'
Parsing XDC File [C:/Users/Tudor/Desktop/test_rom/project_1/project_1.srcs/constrs_1/new/basys3.xdc]
WARNING: [Vivado 12-584] No ports matched 'reset'. [C:/Users/Tudor/Desktop/test_rom/project_1/project_1.srcs/constrs_1/new/basys3.xdc:111]
CRITICAL WARNING: [Common 17-55] 'set_property' expects at least one object. [C:/Users/Tudor/Desktop/test_rom/project_1/project_1.srcs/constrs_1/new/basys3.xdc:111]
Resolution: If [get_<value>] was used to populate the object, check to make sure this command returns at least one valid object.
WARNING: [Vivado 12-584] No ports matched 'reset'. [C:/Users/Tudor/Desktop/test_rom/project_1/project_1.srcs/constrs_1/new/basys3.xdc:112]
CRITICAL WARNING: [Common 17-55] 'set_property' expects at least one object. [C:/Users/Tudor/Desktop/test_rom/project_1/project_1.srcs/constrs_1/new/basys3.xdc:112]
Resolution: If [get_<value>] was used to populate the object, check to make sure this command returns at least one valid object.
Finished Parsing XDC File [C:/Users/Tudor/Desktop/test_rom/project_1/project_1.srcs/constrs_1/new/basys3.xdc]
INFO: [Opt 31-138] Pushed 0 inverter(s) to 0 load pin(s).
Netlist sorting complete. Time (s): cpu = 00:00:00 ; elapsed = 00:00:00 . Memory (MB): peak = 1341.086 ; gain = 0.000
INFO: [Project 1-111] Unisim Transformation Summary:
No Unisim elements were transformed.

11 Infos, 2 Warnings, 2 Critical Warnings and 0 Errors encountered.
link_design completed successfully
link_design: Time (s): cpu = 00:00:19 ; elapsed = 00:00:22 . Memory (MB): peak = 1341.086 ; gain = 834.199
Command: opt_design
Attempting to get a license for feature 'Implementation' and/or device 'xc7a35t'
INFO: [Common 17-349] Got license for feature 'Implementation' and/or device 'xc7a35t'
Running DRC as a precondition to command opt_design

Starting DRC Task
INFO: [DRC 23-27] Running DRC with 2 threads
INFO: [Project 1-461] DRC finished with 0 Errors
INFO: [Project 1-462] Please refer to the DRC report (report_drc) for more information.

Time (s): cpu = 00:00:06 ; elapsed = 00:00:04 . Memory (MB): peak = 1357.066 ; gain = 15.980

Starting Cache Timing Information Task
INFO: [Timing 38-35] Done setting XDC timing constraints.
INFO: [Timing 38-2] Deriving generated clocks
Ending Cache Timing Information Task | Checksum: 27ccccf7d

Time (s): cpu = 00:00:00 ; elapsed = 00:00:00.110 . Memory (MB): peak = 1376.039 ; gain = 18.973

Starting Logic Optimization Task

Phase 1 Initialization

Phase 1.1 Core Generation And Design Setup
Phase 1.1 Core Generation And Design Setup | Checksum: 27ccccf7d

Time (s): cpu = 00:00:00 ; elapsed = 00:00:00.005 . Memory (MB): peak = 1796.102 ; gain = 0.000

Phase 1.2 Setup Constraints And Sort Netlist
Phase 1.2 Setup Constraints And Sort Netlist | Checksum: 27ccccf7d

Time (s): cpu = 00:00:00 ; elapsed = 00:00:00.009 . Memory (MB): peak = 1796.102 ; gain = 0.000
Phase 1 Initialization | Checksum: 27ccccf7d

Time (s): cpu = 00:00:00 ; elapsed = 00:00:00.009 . Memory (MB): peak = 1796.102 ; gain = 0.000

Phase 2 Timer Update And Timing Data Collection

Phase 2.1 Timer Update
Phase 2.1 Timer Update | Checksum: 27ccccf7d

Time (s): cpu = 00:00:00 ; elapsed = 00:00:00.068 . Memory (MB): peak = 1796.102 ; gain = 0.000

Phase 2.2 Timing Data Collection
Phase 2.2 Timing Data Collection | Checksum: 27ccccf7d

Time (s): cpu = 00:00:00 ; elapsed = 00:00:00.081 . Memory (MB): peak = 1796.102 ; gain = 0.000
Phase 2 Timer Update And Timing Data Collection | Checksum: 27ccccf7d

Time (s): cpu = 00:00:00 ; elapsed = 00:00:00.082 . Memory (MB): peak = 1796.102 ; gain = 0.000

Phase 3 Retarget
INFO: [Opt 31-1851] Number of loadless carry chains removed were: 0
INFO: [Opt 31-1834] Total Chains To Be Transformed Were: 0 AND Number of Transformed insts Created are: 0
INFO: [Opt 31-138] Pushed 1 inverter(s) to 2 load pin(s).
INFO: [Opt 31-49] Retargeted 0 cell(s).
Phase 3 Retarget | Checksum: 1ec7825b7

Time (s): cpu = 00:00:00 ; elapsed = 00:00:00.130 . Memory (MB): peak = 1796.102 ; gain = 0.000
Retarget | Checksum: 1ec7825b7
INFO: [Opt 31-389] Phase Retarget created 0 cells and removed 1 cells
INFO: [Opt 31-1021] In phase Retarget, 1 netlist objects are constrained preventing optimization. Please run opt_design with -debug_log to get more detail. 

Phase 4 Constant propagation
INFO: [Opt 31-138] Pushed 0 inverter(s) to 0 load pin(s).
Phase 4 Constant propagation | Checksum: 1a8736389

Time (s): cpu = 00:00:00 ; elapsed = 00:00:00.144 . Memory (MB): peak = 1796.102 ; gain = 0.000
Constant propagation | Checksum: 1a8736389
INFO: [Opt 31-389] Phase Constant propagation created 0 cells and removed 0 cells

Phase 5 Sweep
INFO: [Constraints 18-11670] Building netlist checker database with flags, 0x8
Done building netlist checker database: Time (s): cpu = 00:00:00 ; elapsed = 00:00:00.001 . Memory (MB): peak = 1796.102 ; gain = 0.000
INFO: [Constraints 18-11670] Building netlist checker database with flags, 0x8
Done building netlist checker database: Time (s): cpu = 00:00:00 ; elapsed = 00:00:00 . Memory (MB): peak = 1796.102 ; gain = 0.000
Phase 5 Sweep | Checksum: 241587856

Time (s): cpu = 00:00:00 ; elapsed = 00:00:00.175 . Memory (MB): peak = 1796.102 ; gain = 0.000
Sweep | Checksum: 241587856
INFO: [Opt 31-389] Phase Sweep created 0 cells and removed 0 cells

Phase 6 BUFG optimization
Phase 6 BUFG optimization | Checksum: 241587856

Time (s): cpu = 00:00:01 ; elapsed = 00:00:00.210 . Memory (MB): peak = 1796.102 ; gain = 0.000
BUFG optimization | Checksum: 241587856
INFO: [Opt 31-662] Phase BUFG optimization created 0 cells of which 0 are BUFGs and removed 0 cells.

Phase 7 Shift Register Optimization
INFO: [Opt 31-1064] SRL Remap converted 0 SRLs to 0 registers and converted 0 registers of register chains to 0 SRLs
Phase 7 Shift Register Optimization | Checksum: 241587856

Time (s): cpu = 00:00:01 ; elapsed = 00:00:00.215 . Memory (MB): peak = 1796.102 ; gain = 0.000
Shift Register Optimization | Checksum: 241587856
INFO: [Opt 31-389] Phase Shift Register Optimization created 0 cells and removed 0 cells

Phase 8 Post Processing Netlist
Phase 8 Post Processing Netlist | Checksum: 241587856

Time (s): cpu = 00:00:01 ; elapsed = 00:00:00.219 . Memory (MB): peak = 1796.102 ; gain = 0.000
Post Processing Netlist | Checksum: 241587856
INFO: [Opt 31-389] Phase Post Processing Netlist created 0 cells and removed 0 cells

Phase 9 Finalization

Phase 9.1 Finalizing Design Cores and Updating Shapes
Phase 9.1 Finalizing Design Cores and Updating Shapes | Checksum: 1b3a2d7e1

Time (s): cpu = 00:00:01 ; elapsed = 00:00:00.261 . Memory (MB): peak = 1796.102 ; gain = 0.000

Phase 9.2 Verifying Netlist Connectivity

Starting Connectivity Check Task

Time (s): cpu = 00:00:00 ; elapsed = 00:00:00.012 . Memory (MB): peak = 1796.102 ; gain = 0.000
Phase 9.2 Verifying Netlist Connectivity | Checksum: 1b3a2d7e1

Time (s): cpu = 00:00:01 ; elapsed = 00:00:00.276 . Memory (MB): peak = 1796.102 ; gain = 0.000
Phase 9 Finalization | Checksum: 1b3a2d7e1

Time (s): cpu = 00:00:01 ; elapsed = 00:00:00.276 . Memory (MB): peak = 1796.102 ; gain = 0.000
Opt_design Change Summary
=========================


-------------------------------------------------------------------------------------------------------------------------
|  Phase                        |  #Cells created  |  #Cells Removed  |  #Constrained objects preventing optimizations  |
-------------------------------------------------------------------------------------------------------------------------
|  Retarget                     |               0  |               1  |                                              1  |
|  Constant propagation         |               0  |               0  |                                              0  |
|  Sweep                        |               0  |               0  |                                              0  |
|  BUFG optimization            |               0  |               0  |                                              0  |
|  Shift Register Optimization  |               0  |               0  |                                              0  |
|  Post Processing Netlist      |               0  |               0  |                                              0  |
-------------------------------------------------------------------------------------------------------------------------


Ending Logic Optimization Task | Checksum: 1b3a2d7e1

Time (s): cpu = 00:00:01 ; elapsed = 00:00:00.281 . Memory (MB): peak = 1796.102 ; gain = 0.000

Starting Power Optimization Task
INFO: [Pwropt 34-132] Skipping clock gating for clocks with a period < 2.00 ns.
INFO: [Timing 38-35] Done setting XDC timing constraints.
Running Vector-less Activity Propagation...
INFO: [Pwropt 34-9] Applying IDT optimizations ...
INFO: [Pwropt 34-10] Applying ODC optimizations ...

Finished Running Vector-less Activity Propagation


Starting PowerOpt Patch Enables Task
INFO: [Pwropt 34-162] WRITE_MODE attribute of 0 BRAM(s) out of a total of 5 has been updated to save power. Run report_power_opt to get a complete listing of the BRAMs updated.
INFO: [Pwropt 34-201] Structural ODC has moved 0 WE to EN ports
Number of BRAM Ports augmented: 2 newly gated: 0 Total Ports: 10
Number of Flops added for Enable Generation: 2

Ending PowerOpt Patch Enables Task | Checksum: 2783b4f17

Time (s): cpu = 00:00:00 ; elapsed = 00:00:00.058 . Memory (MB): peak = 1906.449 ; gain = 0.000
Ending Power Optimization Task | Checksum: 2783b4f17

Time (s): cpu = 00:00:02 ; elapsed = 00:00:02 . Memory (MB): peak = 1906.449 ; gain = 110.348

Starting Final Cleanup Task

Starting Logic Optimization Task
INFO: [Timing 38-35] Done setting XDC timing constraints.
Ending Logic Optimization Task | Checksum: 247196392

Time (s): cpu = 00:00:00 ; elapsed = 00:00:00.218 . Memory (MB): peak = 1906.449 ; gain = 0.000
Ending Final Cleanup Task | Checksum: 247196392

Time (s): cpu = 00:00:07 ; elapsed = 00:00:07 . Memory (MB): peak = 1906.449 ; gain = 0.000

Starting Netlist Obfuscation Task
Netlist sorting complete. Time (s): cpu = 00:00:00 ; elapsed = 00:00:00.001 . Memory (MB): peak = 1906.449 ; gain = 0.000
Ending Netlist Obfuscation Task | Checksum: 247196392

Time (s): cpu = 00:00:00 ; elapsed = 00:00:00.001 . Memory (MB): peak = 1906.449 ; gain = 0.000
INFO: [Common 17-83] Releasing license: Implementation
40 Infos, 2 Warnings, 2 Critical Warnings and 0 Errors encountered.
opt_design completed successfully
opt_design: Time (s): cpu = 00:00:22 ; elapsed = 00:00:20 . Memory (MB): peak = 1906.449 ; gain = 565.363
INFO: [Vivado 12-24828] Executing command : report_drc -file top_drc_opted.rpt -pb top_drc_opted.pb -rpx top_drc_opted.rpx
Command: report_drc -file top_drc_opted.rpt -pb top_drc_opted.pb -rpx top_drc_opted.rpx
INFO: [IP_Flow 19-1839] IP Catalog is up to date.
INFO: [DRC 23-27] Running DRC with 2 threads
INFO: [Vivado_Tcl 2-168] The results of DRC are in file C:/Users/Tudor/Desktop/test_rom/project_1/project_1.runs/impl_1/top_drc_opted.rpt.
report_drc completed successfully
INFO: [Timing 38-480] Writing timing data to binary archive.
Write ShapeDB Complete: Time (s): cpu = 00:00:00 ; elapsed = 00:00:00.011 . Memory (MB): peak = 1906.449 ; gain = 0.000
Wrote PlaceDB: Time (s): cpu = 00:00:00 ; elapsed = 00:00:00.007 . Memory (MB): peak = 1906.449 ; gain = 0.000
Wrote PulsedLatchDB: Time (s): cpu = 00:00:00 ; elapsed = 00:00:00.002 . Memory (MB): peak = 1906.449 ; gain = 0.000
Writing XDEF routing.
Writing XDEF routing logical nets.
Writing XDEF routing special nets.
Wrote RouteStorage: Time (s): cpu = 00:00:01 ; elapsed = 00:00:00.047 . Memory (MB): peak = 1906.449 ; gain = 0.000
Wrote Netlist Cache: Time (s): cpu = 00:00:00 ; elapsed = 00:00:00 . Memory (MB): peak = 1906.449 ; gain = 0.000
Wrote Device Cache: Time (s): cpu = 00:00:00 ; elapsed = 00:00:00.018 . Memory (MB): peak = 1906.449 ; gain = 0.000
Write Physdb Complete: Time (s): cpu = 00:00:01 ; elapsed = 00:00:00.105 . Memory (MB): peak = 1906.449 ; gain = 0.000
INFO: [Common 17-1381] The checkpoint 'C:/Users/Tudor/Desktop/test_rom/project_1/project_1.runs/impl_1/top_opt.dcp' has been generated.
Command: place_design
Attempting to get a license for feature 'Implementation' and/or device 'xc7a35t'
INFO: [Common 17-349] Got license for feature 'Implementation' and/or device 'xc7a35t'
INFO: [Common 17-83] Releasing license: Implementation
INFO: [DRC 23-27] Running DRC with 2 threads
INFO: [Vivado_Tcl 4-198] DRC finished with 0 Errors
INFO: [Vivado_Tcl 4-199] Please refer to the DRC report (report_drc) for more information.
Running DRC as a precondition to command place_design
INFO: [DRC 23-27] Running DRC with 2 threads
INFO: [Vivado_Tcl 4-198] DRC finished with 0 Errors
INFO: [Vivado_Tcl 4-199] Please refer to the DRC report (report_drc) for more information.
INFO: [Place 30-611] Multithreading enabled for place_design using a maximum of 2 CPUs

Starting Placer Task

Phase 1 Placer Initialization

Phase 1.1 Placer Initialization Netlist Sorting
Netlist sorting complete. Time (s): cpu = 00:00:00 ; elapsed = 00:00:00 . Memory (MB): peak = 1906.449 ; gain = 0.000
Phase 1.1 Placer Initialization Netlist Sorting | Checksum: 1f20bdd6d

Time (s): cpu = 00:00:00 ; elapsed = 00:00:00.008 . Memory (MB): peak = 1906.449 ; gain = 0.000
Netlist sorting complete. Time (s): cpu = 00:00:00 ; elapsed = 00:00:00.001 . Memory (MB): peak = 1906.449 ; gain = 0.000

Phase 1.2 IO Placement/ Clock Placement/ Build Placer Device
INFO: [Timing 38-35] Done setting XDC timing constraints.
Phase 1.2 IO Placement/ Clock Placement/ Build Placer Device | Checksum: 171f63839

Time (s): cpu = 00:00:00 ; elapsed = 00:00:00.347 . Memory (MB): peak = 1906.449 ; gain = 0.000

Phase 1.3 Build Placer Netlist Model
Phase 1.3 Build Placer Netlist Model | Checksum: 1b40cdfc9

Time (s): cpu = 00:00:01 ; elapsed = 00:00:00.847 . Memory (MB): peak = 1906.449 ; gain = 0.000

Phase 1.4 Constrain Clocks/Macros
Phase 1.4 Constrain Clocks/Macros | Checksum: 1b40cdfc9

Time (s): cpu = 00:00:01 ; elapsed = 00:00:00.856 . Memory (MB): peak = 1906.449 ; gain = 0.000
Phase 1 Placer Initialization | Checksum: 1b40cdfc9

Time (s): cpu = 00:00:01 ; elapsed = 00:00:00.873 . Memory (MB): peak = 1906.449 ; gain = 0.000

Phase 2 Global Placement

Phase 2.1 Floorplanning
Phase 2.1 Floorplanning | Checksum: 1e743a5fd

Time (s): cpu = 00:00:01 ; elapsed = 00:00:00.967 . Memory (MB): peak = 1906.449 ; gain = 0.000

Phase 2.2 Update Timing before SLR Path Opt
Phase 2.2 Update Timing before SLR Path Opt | Checksum: 24dc428fb

Time (s): cpu = 00:00:01 ; elapsed = 00:00:01 . Memory (MB): peak = 1906.449 ; gain = 0.000

Phase 2.3 Post-Processing in Floorplanning
Phase 2.3 Post-Processing in Floorplanning | Checksum: 24dc428fb

Time (s): cpu = 00:00:01 ; elapsed = 00:00:01 . Memory (MB): peak = 1906.449 ; gain = 0.000

Phase 2.4 Global Place Phase1
Phase 2.4 Global Place Phase1 | Checksum: 19fd96c93

Time (s): cpu = 00:00:04 ; elapsed = 00:00:03 . Memory (MB): peak = 1906.449 ; gain = 0.000

Phase 2.5 Global Place Phase2

Phase 2.5.1 UpdateTiming Before Physical Synthesis
Phase 2.5.1 UpdateTiming Before Physical Synthesis | Checksum: 197cbc1a9

Time (s): cpu = 00:00:04 ; elapsed = 00:00:03 . Memory (MB): peak = 1906.449 ; gain = 0.000

Phase 2.5.2 Physical Synthesis In Placer
INFO: [Physopt 32-1035] Found 0 LUTNM shape to break, 10 LUT instances to create LUTNM shape
INFO: [Physopt 32-1044] Break lutnm for timing: one critical 0, two critical 0, total 0, new lutff created 0
INFO: [Physopt 32-1138] End 1 Pass. Optimized 3 nets or LUTs. Breaked 0 LUT, combined 3 existing LUTs and moved 0 existing LUT
INFO: [Physopt 32-65] No nets found for high-fanout optimization.
INFO: [Physopt 32-232] Optimized 0 net. Created 0 new instance.
INFO: [Physopt 32-775] End 1 Pass. Optimized 0 net or cell. Created 0 new cell, deleted 0 existing cell and moved 0 existing cell
INFO: [Physopt 32-456] No candidate cells for DSP register optimization found in the design.
INFO: [Physopt 32-775] End 2 Pass. Optimized 0 net or cell. Created 0 new cell, deleted 0 existing cell and moved 0 existing cell
INFO: [Physopt 32-1123] No candidate cells found for Shift Register to Pipeline optimization
INFO: [Physopt 32-775] End 2 Pass. Optimized 0 net or cell. Created 0 new cell, deleted 0 existing cell and moved 0 existing cell
INFO: [Physopt 32-1401] No candidate cells found for Shift Register optimization.
INFO: [Physopt 32-677] No candidate cells for Shift Register optimization found in the design
INFO: [Physopt 32-775] End 1 Pass. Optimized 0 net or cell. Created 0 new cell, deleted 0 existing cell and moved 0 existing cell
INFO: [Physopt 32-526] No candidate cells for BRAM register optimization found in the design
INFO: [Physopt 32-775] End 1 Pass. Optimized 0 net or cell. Created 0 new cell, deleted 0 existing cell and moved 0 existing cell
INFO: [Physopt 32-846] No candidate cells for URAM register optimization found in the design
INFO: [Physopt 32-775] End 1 Pass. Optimized 0 net or cell. Created 0 new cell, deleted 0 existing cell and moved 0 existing cell
INFO: [Physopt 32-846] No candidate cells for URAM register optimization found in the design
INFO: [Physopt 32-775] End 1 Pass. Optimized 0 net or cell. Created 0 new cell, deleted 0 existing cell and moved 0 existing cell
INFO: [Physopt 32-949] No candidate nets found for dynamic/static region interface net replication
INFO: [Physopt 32-775] End 1 Pass. Optimized 0 net or cell. Created 0 new cell, deleted 0 existing cell and moved 0 existing cell
Netlist sorting complete. Time (s): cpu = 00:00:00 ; elapsed = 00:00:00.001 . Memory (MB): peak = 1906.449 ; gain = 0.000

Summary of Physical Synthesis Optimizations
============================================


-----------------------------------------------------------------------------------------------------------------------------------------------------------
|  Optimization                                     |  Added Cells  |  Removed Cells  |  Optimized Cells/Nets  |  Dont Touch  |  Iterations  |  Elapsed   |
-----------------------------------------------------------------------------------------------------------------------------------------------------------
|  LUT Combining                                    |            0  |              3  |                     3  |           0  |           1  |  00:00:00  |
|  Retime                                           |            0  |              0  |                     0  |           0  |           1  |  00:00:00  |
|  Very High Fanout                                 |            0  |              0  |                     0  |           0  |           1  |  00:00:00  |
|  DSP Register                                     |            0  |              0  |                     0  |           0  |           1  |  00:00:00  |
|  Shift Register to Pipeline                       |            0  |              0  |                     0  |           0  |           1  |  00:00:00  |
|  Shift Register                                   |            0  |              0  |                     0  |           0  |           1  |  00:00:00  |
|  BRAM Register                                    |            0  |              0  |                     0  |           0  |           1  |  00:00:00  |
|  URAM Register                                    |            0  |              0  |                     0  |           0  |           1  |  00:00:00  |
|  Dynamic/Static Region Interface Net Replication  |            0  |              0  |                     0  |           0  |           1  |  00:00:00  |
|  Total                                            |            0  |              3  |                     3  |           0  |           9  |  00:00:00  |
-----------------------------------------------------------------------------------------------------------------------------------------------------------


Phase 2.5.2 Physical Synthesis In Placer | Checksum: 193c85f91

Time (s): cpu = 00:00:05 ; elapsed = 00:00:03 . Memory (MB): peak = 1906.449 ; gain = 0.000
Phase 2.5 Global Place Phase2 | Checksum: 166d48a75

Time (s): cpu = 00:00:05 ; elapsed = 00:00:03 . Memory (MB): peak = 1906.449 ; gain = 0.000
Phase 2 Global Placement | Checksum: 166d48a75

Time (s): cpu = 00:00:05 ; elapsed = 00:00:03 . Memory (MB): peak = 1906.449 ; gain = 0.000

Phase 3 Detail Placement

Phase 3.1 Commit Multi Column Macros
Phase 3.1 Commit Multi Column Macros | Checksum: 1cac49644

Time (s): cpu = 00:00:05 ; elapsed = 00:00:03 . Memory (MB): peak = 1906.449 ; gain = 0.000

Phase 3.2 Commit Most Macros & LUTRAMs
Phase 3.2 Commit Most Macros & LUTRAMs | Checksum: 1c9c0a3e6

Time (s): cpu = 00:00:05 ; elapsed = 00:00:03 . Memory (MB): peak = 1906.449 ; gain = 0.000

Phase 3.3 Area Swap Optimization
Phase 3.3 Area Swap Optimization | Checksum: 268e4c1bd

Time (s): cpu = 00:00:05 ; elapsed = 00:00:03 . Memory (MB): peak = 1906.449 ; gain = 0.000

Phase 3.4 Pipeline Register Optimization
Phase 3.4 Pipeline Register Optimization | Checksum: 21c982907

Time (s): cpu = 00:00:05 ; elapsed = 00:00:03 . Memory (MB): peak = 1906.449 ; gain = 0.000

Phase 3.5 Fast Optimization
Phase 3.5 Fast Optimization | Checksum: 2a8e2ee5c

Time (s): cpu = 00:00:06 ; elapsed = 00:00:04 . Memory (MB): peak = 1906.449 ; gain = 0.000

Phase 3.6 Small Shape Detail Placement
Phase 3.6 Small Shape Detail Placement | Checksum: 25ed9ed68

Time (s): cpu = 00:00:06 ; elapsed = 00:00:04 . Memory (MB): peak = 1906.449 ; gain = 0.000

Phase 3.7 Re-assign LUT pins
Phase 3.7 Re-assign LUT pins | Checksum: 30a15c26f

Time (s): cpu = 00:00:06 ; elapsed = 00:00:04 . Memory (MB): peak = 1906.449 ; gain = 0.000

Phase 3.8 Pipeline Register Optimization
Phase 3.8 Pipeline Register Optimization | Checksum: 23e60ab25

Time (s): cpu = 00:00:06 ; elapsed = 00:00:04 . Memory (MB): peak = 1906.449 ; gain = 0.000

Phase 3.9 Fast Optimization
Phase 3.9 Fast Optimization | Checksum: 1ee2e9109

Time (s): cpu = 00:00:07 ; elapsed = 00:00:04 . Memory (MB): peak = 1906.449 ; gain = 0.000
Phase 3 Detail Placement | Checksum: 1ee2e9109

Time (s): cpu = 00:00:07 ; elapsed = 00:00:05 . Memory (MB): peak = 1906.449 ; gain = 0.000

Phase 4 Post Placement Optimization and Clean-Up

Phase 4.1 Post Commit Optimization
INFO: [Timing 38-35] Done setting XDC timing constraints.

Phase 4.1.1 Post Placement Optimization
Post Placement Optimization Initialization | Checksum: 13923d573

Phase 4.1.1.1 BUFG Insertion

Starting Physical Synthesis Task

Phase 1 Physical Synthesis Initialization
INFO: [Physopt 32-721] Multithreading enabled for phys_opt_design using a maximum of 2 CPUs
INFO: [Physopt 32-619] Estimated Timing Summary | WNS=-0.425 | TNS=-0.838 |
Phase 1 Physical Synthesis Initialization | Checksum: 74d86142

Time (s): cpu = 00:00:00 ; elapsed = 00:00:00.064 . Memory (MB): peak = 1906.449 ; gain = 0.000
INFO: [Place 46-56] BUFG insertion identified 0 candidate nets. Inserted BUFG: 0, Replicated BUFG Driver: 0, Skipped due to Placement/Routing Conflicts: 0, Skipped due to Timing Degradation: 0, Skipped due to netlist editing failed: 0.
Ending Physical Synthesis Task | Checksum: 178cff375

Time (s): cpu = 00:00:00 ; elapsed = 00:00:00.072 . Memory (MB): peak = 1906.449 ; gain = 0.000
Phase 4.1.1.1 BUFG Insertion | Checksum: 13923d573

Time (s): cpu = 00:00:07 ; elapsed = 00:00:05 . Memory (MB): peak = 1906.449 ; gain = 0.000

Phase 4.1.1.2 Post Placement Timing Optimization
INFO: [Place 30-746] Post Placement Timing Summary WNS=-0.296. For the most accurate timing information please run report_timing.
Phase 4.1.1.2 Post Placement Timing Optimization | Checksum: 1f69cea3a

Time (s): cpu = 00:00:35 ; elapsed = 00:00:33 . Memory (MB): peak = 1906.449 ; gain = 0.000

Time (s): cpu = 00:00:35 ; elapsed = 00:00:33 . Memory (MB): peak = 1906.449 ; gain = 0.000
Phase 4.1 Post Commit Optimization | Checksum: 1f69cea3a

Time (s): cpu = 00:00:35 ; elapsed = 00:00:33 . Memory (MB): peak = 1906.449 ; gain = 0.000

Phase 4.2 Post Placement Cleanup
Phase 4.2 Post Placement Cleanup | Checksum: 1f69cea3a

Time (s): cpu = 00:00:35 ; elapsed = 00:00:33 . Memory (MB): peak = 1906.449 ; gain = 0.000

Phase 4.3 Placer Reporting

Phase 4.3.1 Print Estimated Congestion
INFO: [Place 30-612] Post-Placement Estimated Congestion 
 ____________________________________________________
|           | Global Congestion | Short Congestion  |
| Direction | Region Size       | Region Size       |
|___________|___________________|___________________|
|      North|                1x1|                1x1|
|___________|___________________|___________________|
|      South|                1x1|                1x1|
|___________|___________________|___________________|
|       East|                1x1|                1x1|
|___________|___________________|___________________|
|       West|                1x1|                1x1|
|___________|___________________|___________________|

Phase 4.3.1 Print Estimated Congestion | Checksum: 1f69cea3a

Time (s): cpu = 00:00:35 ; elapsed = 00:00:33 . Memory (MB): peak = 1906.449 ; gain = 0.000
Phase 4.3 Placer Reporting | Checksum: 1f69cea3a

Time (s): cpu = 00:00:35 ; elapsed = 00:00:33 . Memory (MB): peak = 1906.449 ; gain = 0.000

Phase 4.4 Final Placement Cleanup
Netlist sorting complete. Time (s): cpu = 00:00:00 ; elapsed = 00:00:00.001 . Memory (MB): peak = 1906.449 ; gain = 0.000

Time (s): cpu = 00:00:35 ; elapsed = 00:00:33 . Memory (MB): peak = 1906.449 ; gain = 0.000
Phase 4 Post Placement Optimization and Clean-Up | Checksum: 2b54a9e2d

Time (s): cpu = 00:00:35 ; elapsed = 00:00:33 . Memory (MB): peak = 1906.449 ; gain = 0.000
Ending Placer Task | Checksum: 1e54c0803

Time (s): cpu = 00:00:35 ; elapsed = 00:00:33 . Memory (MB): peak = 1906.449 ; gain = 0.000
83 Infos, 2 Warnings, 2 Critical Warnings and 0 Errors encountered.
place_design completed successfully
place_design: Time (s): cpu = 00:00:43 ; elapsed = 00:00:37 . Memory (MB): peak = 1906.449 ; gain = 0.000
INFO: [Vivado 12-24838] Running report commands "report_control_sets, report_io, report_utilization" in parallel.
Running report generation with 2 threads.
INFO: [Vivado 12-24828] Executing command : report_utilization -file top_utilization_placed.rpt -pb top_utilization_placed.pb
INFO: [Vivado 12-24828] Executing command : report_control_sets -verbose -file top_control_sets_placed.rpt
report_control_sets: Time (s): cpu = 00:00:00 ; elapsed = 00:00:00.006 . Memory (MB): peak = 1906.449 ; gain = 0.000
INFO: [Vivado 12-24828] Executing command : report_io -file top_io_placed.rpt
report_io: Time (s): cpu = 00:00:00 ; elapsed = 00:00:00.084 . Memory (MB): peak = 1906.449 ; gain = 0.000
INFO: [Timing 38-480] Writing timing data to binary archive.
Write ShapeDB Complete: Time (s): cpu = 00:00:00 ; elapsed = 00:00:00.005 . Memory (MB): peak = 1906.449 ; gain = 0.000
Wrote PlaceDB: Time (s): cpu = 00:00:00 ; elapsed = 00:00:00.095 . Memory (MB): peak = 1906.449 ; gain = 0.000
Wrote PulsedLatchDB: Time (s): cpu = 00:00:00 ; elapsed = 00:00:00.001 . Memory (MB): peak = 1906.449 ; gain = 0.000
Writing XDEF routing.
Writing XDEF routing logical nets.
Writing XDEF routing special nets.
Wrote RouteStorage: Time (s): cpu = 00:00:00 ; elapsed = 00:00:00.027 . Memory (MB): peak = 1906.449 ; gain = 0.000
Wrote Netlist Cache: Time (s): cpu = 00:00:00 ; elapsed = 00:00:00.002 . Memory (MB): peak = 1906.449 ; gain = 0.000
Wrote Device Cache: Time (s): cpu = 00:00:00 ; elapsed = 00:00:00.013 . Memory (MB): peak = 1906.449 ; gain = 0.000
Write Physdb Complete: Time (s): cpu = 00:00:00 ; elapsed = 00:00:00.150 . Memory (MB): peak = 1906.449 ; gain = 0.000
INFO: [Common 17-1381] The checkpoint 'C:/Users/Tudor/Desktop/test_rom/project_1/project_1.runs/impl_1/top_placed.dcp' has been generated.
Command: phys_opt_design
Attempting to get a license for feature 'Implementation' and/or device 'xc7a35t'
INFO: [Common 17-349] Got license for feature 'Implementation' and/or device 'xc7a35t'

Starting Initial Update Timing Task

Time (s): cpu = 00:00:00 ; elapsed = 00:00:00.248 . Memory (MB): peak = 1906.449 ; gain = 0.000
INFO: [Vivado_Tcl 4-1435] PhysOpt_Tcl_Interface Runtime Before Starting Physical Synthesis Task | CPU: 0.00s |  WALL: 0.27s
Netlist sorting complete. Time (s): cpu = 00:00:00 ; elapsed = 00:00:00 . Memory (MB): peak = 1906.449 ; gain = 0.000

Starting Physical Synthesis Task

Phase 1 Physical Synthesis Initialization
INFO: [Physopt 32-721] Multithreading enabled for phys_opt_design using a maximum of 2 CPUs
INFO: [Physopt 32-619] Estimated Timing Summary | WNS=-0.283 | TNS=-0.353 |
Phase 1 Physical Synthesis Initialization | Checksum: 1374887c8

Time (s): cpu = 00:00:01 ; elapsed = 00:00:00.336 . Memory (MB): peak = 1906.449 ; gain = 0.000
INFO: [Physopt 32-619] Estimated Timing Summary | WNS=-0.283 | TNS=-0.353 |

Phase 2 DSP Register Optimization
INFO: [Physopt 32-456] No candidate cells for DSP register optimization found in the design.
INFO: [Physopt 32-775] End 2 Pass. Optimized 0 net or cell. Created 0 new cell, deleted 0 existing cell and moved 0 existing cell
Phase 2 DSP Register Optimization | Checksum: 1374887c8

Time (s): cpu = 00:00:01 ; elapsed = 00:00:00.354 . Memory (MB): peak = 1906.449 ; gain = 0.000

Phase 3 Critical Path Optimization
INFO: [Physopt 32-619] Estimated Timing Summary | WNS=-0.283 | TNS=-0.353 |
INFO: [Physopt 32-702] Processed net ram_inst/your_ram_inst/U0/inst_blk_mem_gen/gnbram.gnativebmg.native_blk_mem_gen/valid.cstr/ramloop[0].ram.r/prim_init.ram/doutb[0]. Optimizations did not improve timing on the net.
INFO: [Physopt 32-702] Processed net clock_gen_inst/inst/clk_out1_clk_wiz_0. Optimizations did not improve timing on the net.
INFO: [Physopt 32-702] Processed net ram_inst/sonda_addr[9]. Optimizations did not improve timing on the net.
INFO: [Physopt 32-702] Processed net ram_inst/your_ram_inst_i_15_n_0. Optimizations did not improve timing on the net.
INFO: [Physopt 32-702] Processed net ram_inst/sonda_addr0[8]. Optimizations did not improve timing on the net.
INFO: [Physopt 32-702] Processed net ram_inst/sonda_addr0__20_carry_n_0. Optimizations did not improve timing on the net.
INFO: [Physopt 32-702] Processed net btn_ctrl_inst/DI[1]. Optimizations did not improve timing on the net.
INFO: [Physopt 32-702] Processed net ram_inst/O[0]. Optimizations did not improve timing on the net.
INFO: [Physopt 32-702] Processed net ram_inst/sonda_addr0_carry_n_0. Optimizations did not improve timing on the net.
INFO: [Physopt 32-702] Processed net btn_ctrl_inst/obj_v_reg[7]_0[0]. Optimizations did not improve timing on the net.
INFO: [Physopt 32-702] Processed net ram_inst/final_addr_a[9]. Optimizations did not improve timing on the net.
INFO: [Physopt 32-663] Processed net btn_ctrl_inst/w_obj_v[7].  Re-placed instance btn_ctrl_inst/obj_v_reg[7]
INFO: [Physopt 32-735] Processed net btn_ctrl_inst/w_obj_v[7]. Optimization improves timing on the net.
INFO: [Physopt 32-619] Estimated Timing Summary | WNS=-0.280 | TNS=-0.344 |
INFO: [Physopt 32-81] Processed net btn_ctrl_inst/w_obj_v[7]. Replicated 1 times.
INFO: [Physopt 32-735] Processed net btn_ctrl_inst/w_obj_v[7]. Optimization improves timing on the net.
INFO: [Physopt 32-619] Estimated Timing Summary | WNS=-0.245 | TNS=-0.245 |
INFO: [Physopt 32-702] Processed net btn_ctrl_inst/w_obj_v[7]_repN. Optimizations did not improve timing on the net.
INFO: [Physopt 32-702] Processed net ram_inst/your_ram_inst/U0/inst_blk_mem_gen/gnbram.gnativebmg.native_blk_mem_gen/valid.cstr/ramloop[0].ram.r/prim_init.ram/doutb[0]. Optimizations did not improve timing on the net.
INFO: [Physopt 32-702] Processed net clock_gen_inst/inst/clk_out1_clk_wiz_0. Optimizations did not improve timing on the net.
INFO: [Physopt 32-702] Processed net ram_inst/sonda_addr[9]. Optimizations did not improve timing on the net.
INFO: [Physopt 32-702] Processed net ram_inst/sonda_addr0[8]. Optimizations did not improve timing on the net.
INFO: [Physopt 32-702] Processed net btn_ctrl_inst/DI[1]. Optimizations did not improve timing on the net.
INFO: [Physopt 32-702] Processed net ram_inst/O[0]. Optimizations did not improve timing on the net.
INFO: [Physopt 32-702] Processed net btn_ctrl_inst/obj_v_reg[7]_0[0]. Optimizations did not improve timing on the net.
INFO: [Physopt 32-702] Processed net ram_inst/final_addr_a[9]. Optimizations did not improve timing on the net.
INFO: [Physopt 32-702] Processed net btn_ctrl_inst/w_obj_v[7]_repN. Optimizations did not improve timing on the net.
INFO: [Physopt 32-619] Estimated Timing Summary | WNS=-0.245 | TNS=-0.245 |
Netlist sorting complete. Time (s): cpu = 00:00:00 ; elapsed = 00:00:00.013 . Memory (MB): peak = 1906.449 ; gain = 0.000
Phase 3 Critical Path Optimization | Checksum: 1374887c8

Time (s): cpu = 00:00:02 ; elapsed = 00:00:01 . Memory (MB): peak = 1906.449 ; gain = 0.000

Phase 4 Critical Path Optimization
INFO: [Physopt 32-619] Estimated Timing Summary | WNS=-0.245 | TNS=-0.245 |
INFO: [Physopt 32-702] Processed net ram_inst/your_ram_inst/U0/inst_blk_mem_gen/gnbram.gnativebmg.native_blk_mem_gen/valid.cstr/ramloop[0].ram.r/prim_init.ram/doutb[0]. Optimizations did not improve timing on the net.
INFO: [Physopt 32-702] Processed net clock_gen_inst/inst/clk_out1_clk_wiz_0. Optimizations did not improve timing on the net.
INFO: [Physopt 32-702] Processed net ram_inst/sonda_addr[9]. Optimizations did not improve timing on the net.
INFO: [Physopt 32-702] Processed net ram_inst/your_ram_inst_i_15_n_0. Optimizations did not improve timing on the net.
INFO: [Physopt 32-702] Processed net ram_inst/sonda_addr0[8]. Optimizations did not improve timing on the net.
INFO: [Physopt 32-702] Processed net ram_inst/sonda_addr0__20_carry_n_0. Optimizations did not improve timing on the net.
INFO: [Physopt 32-702] Processed net btn_ctrl_inst/DI[1]. Optimizations did not improve timing on the net.
INFO: [Physopt 32-702] Processed net ram_inst/O[0]. Optimizations did not improve timing on the net.
INFO: [Physopt 32-702] Processed net ram_inst/sonda_addr0_carry_n_0. Optimizations did not improve timing on the net.
INFO: [Physopt 32-702] Processed net btn_ctrl_inst/obj_v_reg[7]_0[0]. Optimizations did not improve timing on the net.
INFO: [Physopt 32-702] Processed net ram_inst/final_addr_a[9]. Optimizations did not improve timing on the net.
INFO: [Physopt 32-702] Processed net btn_ctrl_inst/w_obj_v[7]_repN. Optimizations did not improve timing on the net.
INFO: [Physopt 32-702] Processed net ram_inst/your_ram_inst/U0/inst_blk_mem_gen/gnbram.gnativebmg.native_blk_mem_gen/valid.cstr/ramloop[0].ram.r/prim_init.ram/doutb[0]. Optimizations did not improve timing on the net.
INFO: [Physopt 32-702] Processed net clock_gen_inst/inst/clk_out1_clk_wiz_0. Optimizations did not improve timing on the net.
INFO: [Physopt 32-702] Processed net ram_inst/sonda_addr[9]. Optimizations did not improve timing on the net.
INFO: [Physopt 32-702] Processed net ram_inst/sonda_addr0[8]. Optimizations did not improve timing on the net.
INFO: [Physopt 32-702] Processed net btn_ctrl_inst/DI[1]. Optimizations did not improve timing on the net.
INFO: [Physopt 32-702] Processed net ram_inst/O[0]. Optimizations did not improve timing on the net.
INFO: [Physopt 32-702] Processed net btn_ctrl_inst/obj_v_reg[7]_0[0]. Optimizations did not improve timing on the net.
INFO: [Physopt 32-702] Processed net ram_inst/final_addr_a[9]. Optimizations did not improve timing on the net.
INFO: [Physopt 32-702] Processed net btn_ctrl_inst/w_obj_v[7]_repN. Optimizations did not improve timing on the net.
INFO: [Physopt 32-619] Estimated Timing Summary | WNS=-0.245 | TNS=-0.245 |
Netlist sorting complete. Time (s): cpu = 00:00:00 ; elapsed = 00:00:00.001 . Memory (MB): peak = 1906.449 ; gain = 0.000
Phase 4 Critical Path Optimization | Checksum: 1374887c8

Time (s): cpu = 00:00:03 ; elapsed = 00:00:02 . Memory (MB): peak = 1906.449 ; gain = 0.000
Netlist sorting complete. Time (s): cpu = 00:00:00 ; elapsed = 00:00:00.001 . Memory (MB): peak = 1906.449 ; gain = 0.000
INFO: [Physopt 32-603] Post Physical Optimization Timing Summary | WNS=-0.245 | TNS=-0.245 |

Summary of Physical Synthesis Optimizations
============================================


-------------------------------------------------------------------------------------------------------------------------------------------------------------
|  Optimization   |  WNS Gain (ns)  |  TNS Gain (ns)  |  Added Cells  |  Removed Cells  |  Optimized Cells/Nets  |  Dont Touch  |  Iterations  |  Elapsed   |
-------------------------------------------------------------------------------------------------------------------------------------------------------------
|  DSP Register   |          0.000  |          0.000  |            0  |              0  |                     0  |           0  |           1  |  00:00:00  |
|  Critical Path  |          0.038  |          0.108  |            1  |              0  |                     2  |           0  |           2  |  00:00:01  |
|  Total          |          0.038  |          0.108  |            1  |              0  |                     2  |           0  |           3  |  00:00:01  |
-------------------------------------------------------------------------------------------------------------------------------------------------------------


Netlist sorting complete. Time (s): cpu = 00:00:00 ; elapsed = 00:00:00.001 . Memory (MB): peak = 1906.449 ; gain = 0.000
Ending Physical Synthesis Task | Checksum: 23b58d5f6

Time (s): cpu = 00:00:03 ; elapsed = 00:00:02 . Memory (MB): peak = 1906.449 ; gain = 0.000
INFO: [Common 17-83] Releasing license: Implementation
150 Infos, 2 Warnings, 2 Critical Warnings and 0 Errors encountered.
phys_opt_design completed successfully
Write ShapeDB Complete: Time (s): cpu = 00:00:00 ; elapsed = 00:00:00.003 . Memory (MB): peak = 1906.449 ; gain = 0.000
INFO: [Timing 38-480] Writing timing data to binary archive.
Wrote PlaceDB: Time (s): cpu = 00:00:00 ; elapsed = 00:00:00.081 . Memory (MB): peak = 1906.449 ; gain = 0.000
Wrote PulsedLatchDB: Time (s): cpu = 00:00:00 ; elapsed = 00:00:00 . Memory (MB): peak = 1906.449 ; gain = 0.000
Writing XDEF routing.
Writing XDEF routing logical nets.
Writing XDEF routing special nets.
Wrote RouteStorage: Time (s): cpu = 00:00:00 ; elapsed = 00:00:00.034 . Memory (MB): peak = 1906.449 ; gain = 0.000
Wrote Netlist Cache: Time (s): cpu = 00:00:00 ; elapsed = 00:00:00.001 . Memory (MB): peak = 1906.449 ; gain = 0.000
Wrote Device Cache: Time (s): cpu = 00:00:00 ; elapsed = 00:00:00.015 . Memory (MB): peak = 1906.449 ; gain = 0.000
Write Physdb Complete: Time (s): cpu = 00:00:00 ; elapsed = 00:00:00.143 . Memory (MB): peak = 1906.449 ; gain = 0.000
INFO: [Common 17-1381] The checkpoint 'C:/Users/Tudor/Desktop/test_rom/project_1/project_1.runs/impl_1/top_physopt.dcp' has been generated.
Command: route_design
Attempting to get a license for feature 'Implementation' and/or device 'xc7a35t'
INFO: [Common 17-349] Got license for feature 'Implementation' and/or device 'xc7a35t'
INFO: [DRC 23-27] Running DRC with 2 threads
INFO: [Vivado_Tcl 4-198] DRC finished with 0 Errors
INFO: [Vivado_Tcl 4-199] Please refer to the DRC report (report_drc) for more information.


Starting Routing Task
INFO: [Route 35-254] Multithreading enabled for route_design using a maximum of 2 CPUs

Phase 1 Build RT Design
Checksum: PlaceDB: 84d377e9 ConstDB: 0 ShapeSum: 3854dffa RouteDB: a0815c57
Post Restoration Checksum: NetGraph: 41df613 | NumContArr: c45424c9 | Constraints: c2a8fa9d | Timing: c2a8fa9d
Phase 1 Build RT Design | Checksum: 24dc41016

Time (s): cpu = 00:00:48 ; elapsed = 00:00:45 . Memory (MB): peak = 1940.258 ; gain = 33.809

Phase 2 Router Initialization

Phase 2.1 Fix Topology Constraints
Phase 2.1 Fix Topology Constraints | Checksum: 24dc41016

Time (s): cpu = 00:00:48 ; elapsed = 00:00:45 . Memory (MB): peak = 1940.258 ; gain = 33.809

Phase 2.2 Pre Route Cleanup
Phase 2.2 Pre Route Cleanup | Checksum: 24dc41016

Time (s): cpu = 00:00:48 ; elapsed = 00:00:45 . Memory (MB): peak = 1940.258 ; gain = 33.809
 Number of Nodes with overlaps = 0

Phase 2.3 Update Timing
Phase 2.3 Update Timing | Checksum: 28305972d

Time (s): cpu = 00:00:49 ; elapsed = 00:00:46 . Memory (MB): peak = 1969.949 ; gain = 63.500
INFO: [Route 35-416] Intermediate Timing Summary | WNS=-0.283 | TNS=-0.343 | WHS=-0.473 | THS=-35.513|


Phase 2.4 Soft Constraint Pins - Fast Budgeting
Phase 2.4 Soft Constraint Pins - Fast Budgeting | Checksum: 2b8756761

Time (s): cpu = 00:00:49 ; elapsed = 00:00:46 . Memory (MB): peak = 1993.961 ; gain = 87.512

Router Utilization Summary
  Global Vertical Routing Utilization    = 0 %
  Global Horizontal Routing Utilization  = 0 %
  Routable Net Status*
  *Does not include unroutable nets such as driverless and loadless.
  Run report_route_status for detailed report.
  Number of Failed Nets               = 457
    (Failed Nets is the sum of unrouted and partially routed nets)
  Number of Unrouted Nets             = 457
  Number of Partially Routed Nets     = 0
  Number of Node Overlaps             = 0

Phase 2 Router Initialization | Checksum: 2ac02b74f

Time (s): cpu = 00:00:50 ; elapsed = 00:00:47 . Memory (MB): peak = 1993.961 ; gain = 87.512

Phase 3 Global Routing
Phase 3 Global Routing | Checksum: 2ac02b74f

Time (s): cpu = 00:00:50 ; elapsed = 00:00:47 . Memory (MB): peak = 1993.961 ; gain = 87.512

Phase 4 Initial Routing

Phase 4.1 Initial Net Routing Pass
Phase 4.1 Initial Net Routing Pass | Checksum: 1b492a2d0

Time (s): cpu = 00:00:50 ; elapsed = 00:00:47 . Memory (MB): peak = 1993.961 ; gain = 87.512
Phase 4 Initial Routing | Checksum: 1b492a2d0

Time (s): cpu = 00:00:50 ; elapsed = 00:00:47 . Memory (MB): peak = 1993.961 ; gain = 87.512
INFO: [Route 35-580] Design has 5 pins with tight setup and hold constraints.

The top 5 pins with tight setup and hold constraints:

+====================+====================+================================================================================================================================================================================================+
| Launch Setup Clock | Launch Hold Clock  | Pin                                                                                                                                                                                            |
+====================+====================+================================================================================================================================================================================================+
| clk_out1_clk_wiz_0 | clk_out1_clk_wiz_0 | ram_inst/your_ram_inst/U0/inst_blk_mem_gen/gnbram.gnativebmg.native_blk_mem_gen/valid.cstr/ramloop[0].ram.r/prim_init.ram/DEVICE_7SERIES.NO_BMM_INFO.TRUE_DP.SIMPLE_PRIM18.ram/ADDRARDADDR[13] |
| clk_out1_clk_wiz_0 | clk_out1_clk_wiz_0 | ram_inst/your_ram_inst/U0/inst_blk_mem_gen/gnbram.gnativebmg.native_blk_mem_gen/valid.cstr/ramloop[0].ram.r/prim_init.ram/DEVICE_7SERIES.NO_BMM_INFO.TRUE_DP.SIMPLE_PRIM18.ram/ADDRARDADDR[12] |
| clk_out1_clk_wiz_0 | clk_out1_clk_wiz_0 | ram_inst/your_ram_inst/U0/inst_blk_mem_gen/gnbram.gnativebmg.native_blk_mem_gen/valid.cstr/ramloop[0].ram.r/prim_init.ram/DEVICE_7SERIES.NO_BMM_INFO.TRUE_DP.SIMPLE_PRIM18.ram/ADDRARDADDR[10] |
| clk_out1_clk_wiz_0 | clk_out1_clk_wiz_0 | ram_inst/your_ram_inst/U0/inst_blk_mem_gen/gnbram.gnativebmg.native_blk_mem_gen/valid.cstr/ramloop[0].ram.r/prim_init.ram/DEVICE_7SERIES.NO_BMM_INFO.TRUE_DP.SIMPLE_PRIM18.ram/ADDRARDADDR[11] |
| clk_out1_clk_wiz_0 | clk_out1_clk_wiz_0 | ram_inst/your_ram_inst/U0/inst_blk_mem_gen/gnbram.gnativebmg.native_blk_mem_gen/valid.cstr/ramloop[0].ram.r/prim_init.ram/DEVICE_7SERIES.NO_BMM_INFO.TRUE_DP.SIMPLE_PRIM18.ram/ADDRARDADDR[9]  |
+--------------------+--------------------+------------------------------------------------------------------------------------------------------------------------------------------------------------------------------------------------+

File with complete list of pins: tight_setup_hold_pins.txt


Phase 5 Rip-up And Reroute

Phase 5.1 Global Iteration 0
 Number of Nodes with overlaps = 51
 Number of Nodes with overlaps = 13
 Number of Nodes with overlaps = 1
 Number of Nodes with overlaps = 1
 Number of Nodes with overlaps = 0
INFO: [Route 35-416] Intermediate Timing Summary | WNS=-0.398 | TNS=-0.524 | WHS=N/A    | THS=N/A    |

Phase 5.1 Global Iteration 0 | Checksum: 254453523

Time (s): cpu = 00:00:51 ; elapsed = 00:00:48 . Memory (MB): peak = 1999.246 ; gain = 92.797

Phase 5.2 Global Iteration 1
 Number of Nodes with overlaps = 9
 Number of Nodes with overlaps = 4
 Number of Nodes with overlaps = 1
 Number of Nodes with overlaps = 0
INFO: [Route 35-416] Intermediate Timing Summary | WNS=-0.398 | TNS=-0.524 | WHS=N/A    | THS=N/A    |

Phase 5.2 Global Iteration 1 | Checksum: 2a3a783a0

Time (s): cpu = 00:00:52 ; elapsed = 00:00:48 . Memory (MB): peak = 1999.246 ; gain = 92.797
Phase 5 Rip-up And Reroute | Checksum: 2a3a783a0

Time (s): cpu = 00:00:52 ; elapsed = 00:00:48 . Memory (MB): peak = 1999.246 ; gain = 92.797

Phase 6 Delay and Skew Optimization

Phase 6.1 Delay CleanUp

Phase 6.1.1 Update Timing
Phase 6.1.1 Update Timing | Checksum: 222e03340

Time (s): cpu = 00:00:52 ; elapsed = 00:00:48 . Memory (MB): peak = 1999.246 ; gain = 92.797
INFO: [Route 35-416] Intermediate Timing Summary | WNS=-0.319 | TNS=-0.324 | WHS=N/A    | THS=N/A    |

 Number of Nodes with overlaps = 0
Phase 6.1 Delay CleanUp | Checksum: 1c9d10ca3

Time (s): cpu = 00:00:52 ; elapsed = 00:00:48 . Memory (MB): peak = 1999.246 ; gain = 92.797

Phase 6.2 Clock Skew Optimization
Phase 6.2 Clock Skew Optimization | Checksum: 1c9d10ca3

Time (s): cpu = 00:00:52 ; elapsed = 00:00:48 . Memory (MB): peak = 1999.246 ; gain = 92.797
Phase 6 Delay and Skew Optimization | Checksum: 1c9d10ca3

Time (s): cpu = 00:00:52 ; elapsed = 00:00:48 . Memory (MB): peak = 1999.246 ; gain = 92.797

Phase 7 Post Hold Fix

Phase 7.1 Hold Fix Iter
INFO: [Route 35-416] Intermediate Timing Summary | WNS=-0.319 | TNS=-0.324 | WHS=0.052  | THS=0.000  |

Phase 7.1 Hold Fix Iter | Checksum: 1726b8468

Time (s): cpu = 00:00:52 ; elapsed = 00:00:48 . Memory (MB): peak = 1999.246 ; gain = 92.797
Phase 7 Post Hold Fix | Checksum: 1726b8468

Time (s): cpu = 00:00:52 ; elapsed = 00:00:48 . Memory (MB): peak = 1999.246 ; gain = 92.797

Phase 8 Route finalize

Router Utilization Summary
  Global Vertical Routing Utilization    = 0.100295 %
  Global Horizontal Routing Utilization  = 0.116085 %
  Routable Net Status*
  *Does not include unroutable nets such as driverless and loadless.
  Run report_route_status for detailed report.
  Number of Failed Nets               = 0
    (Failed Nets is the sum of unrouted and partially routed nets)
  Number of Unrouted Nets             = 0
  Number of Partially Routed Nets     = 0
  Number of Node Overlaps             = 0


--GLOBAL Congestion:
Utilization threshold used for congestion level computation: 0.85
Congestion Report
North Dir 1x1 Area, Max Cong = 18.018%, No Congested Regions.
South Dir 1x1 Area, Max Cong = 24.3243%, No Congested Regions.
East Dir 1x1 Area, Max Cong = 33.8235%, No Congested Regions.
West Dir 1x1 Area, Max Cong = 26.4706%, No Congested Regions.

------------------------------
Reporting congestion hotspots
------------------------------
Direction: North
----------------
Congested clusters found at Level 0
Effective congestion level: 0 Aspect Ratio: 1 Sparse Ratio: 0
Direction: South
----------------
Congested clusters found at Level 0
Effective congestion level: 0 Aspect Ratio: 1 Sparse Ratio: 0
Direction: East
----------------
Congested clusters found at Level 0
Effective congestion level: 0 Aspect Ratio: 1 Sparse Ratio: 0
Direction: West
----------------
Congested clusters found at Level 0
Effective congestion level: 0 Aspect Ratio: 1 Sparse Ratio: 0

Phase 8 Route finalize | Checksum: 1726b8468

Time (s): cpu = 00:00:52 ; elapsed = 00:00:48 . Memory (MB): peak = 1999.246 ; gain = 92.797

Phase 9 Verifying routed nets

 Verification completed successfully
Phase 9 Verifying routed nets | Checksum: 1726b8468

Time (s): cpu = 00:00:52 ; elapsed = 00:00:48 . Memory (MB): peak = 1999.246 ; gain = 92.797

Phase 10 Depositing Routes
Phase 10 Depositing Routes | Checksum: 1963155d0

Time (s): cpu = 00:00:52 ; elapsed = 00:00:48 . Memory (MB): peak = 1999.246 ; gain = 92.797

Phase 11 Post Process Routing
Phase 11 Post Process Routing | Checksum: 1963155d0

Time (s): cpu = 00:00:52 ; elapsed = 00:00:48 . Memory (MB): peak = 1999.246 ; gain = 92.797

Phase 12 Post Router Timing
INFO: [Route 35-57] Estimated Timing Summary | WNS=-0.319 | TNS=-0.324 | WHS=0.052  | THS=0.000  |

WARNING: [Route 35-328] Router estimated timing not met.
Resolution: For a complete and accurate timing signoff, report_timing_summary must be run after route_design. Alternatively, route_design can be run with the -timing_summary option to enable a complete timing signoff at the end of route_design.
Phase 12 Post Router Timing | Checksum: 1963155d0

Time (s): cpu = 00:00:52 ; elapsed = 00:00:48 . Memory (MB): peak = 1999.246 ; gain = 92.797
Total Elapsed time in route_design: 48.104 secs

Phase 13 Post-Route Event Processing
Phase 13 Post-Route Event Processing | Checksum: 746ae23a

Time (s): cpu = 00:00:52 ; elapsed = 00:00:48 . Memory (MB): peak = 1999.246 ; gain = 92.797
INFO: [Route 35-16] Router Completed Successfully
Ending Routing Task | Checksum: 746ae23a

Time (s): cpu = 00:00:52 ; elapsed = 00:00:48 . Memory (MB): peak = 1999.246 ; gain = 92.797

Routing Is Done.
INFO: [Common 17-83] Releasing license: Implementation
166 Infos, 3 Warnings, 2 Critical Warnings and 0 Errors encountered.
route_design completed successfully
route_design: Time (s): cpu = 00:00:55 ; elapsed = 00:00:50 . Memory (MB): peak = 1999.246 ; gain = 92.797
INFO: [Vivado 12-24828] Executing command : report_drc -file top_drc_routed.rpt -pb top_drc_routed.pb -rpx top_drc_routed.rpx
Command: report_drc -file top_drc_routed.rpt -pb top_drc_routed.pb -rpx top_drc_routed.rpx
INFO: [IP_Flow 19-1839] IP Catalog is up to date.
INFO: [DRC 23-27] Running DRC with 2 threads
INFO: [Vivado_Tcl 2-168] The results of DRC are in file C:/Users/Tudor/Desktop/test_rom/project_1/project_1.runs/impl_1/top_drc_routed.rpt.
report_drc completed successfully
report_drc: Time (s): cpu = 00:00:13 ; elapsed = 00:00:07 . Memory (MB): peak = 2002.215 ; gain = 2.969
INFO: [Vivado 12-24828] Executing command : report_methodology -file top_methodology_drc_routed.rpt -pb top_methodology_drc_routed.pb -rpx top_methodology_drc_routed.rpx
Command: report_methodology -file top_methodology_drc_routed.rpt -pb top_methodology_drc_routed.pb -rpx top_methodology_drc_routed.rpx
INFO: [Timing 38-35] Done setting XDC timing constraints.
INFO: [DRC 23-133] Running Methodology with 2 threads
INFO: [Vivado_Tcl 2-1520] The results of Report Methodology are in file C:/Users/Tudor/Desktop/test_rom/project_1/project_1.runs/impl_1/top_methodology_drc_routed.rpt.
report_methodology completed successfully
report_drc: Time (s): cpu = 00:00:12 ; elapsed = 00:00:06 . Memory (MB): peak = 2015.141 ; gain = 12.926
INFO: [Vivado 12-24828] Executing command : report_timing_summary -max_paths 10 -routable_nets -report_unconstrained -file top_timing_summary_routed.rpt -pb top_timing_summary_routed.pb -rpx top_timing_summary_routed.rpx -warn_on_violation 
INFO: [Timing 38-35] Done setting XDC timing constraints.
INFO: [Timing 38-91] UpdateTimingParams: Speed grade: -1, Delay Type: min_max.
INFO: [Timing 38-191] Multithreading enabled for timing update using a maximum of 2 CPUs
CRITICAL WARNING: [Timing 38-282] The design failed to meet the timing requirements. Please see the timing summary report for details on the timing violations.
INFO: [Vivado 12-24838] Running report commands "report_incremental_reuse, report_route_status" in parallel.
Running report generation with 2 threads.
INFO: [Vivado 12-24828] Executing command : report_incremental_reuse -file top_incremental_reuse_routed.rpt
INFO: [Vivado_Tcl 4-1062] Incremental flow is disabled. No incremental reuse Info to report.
INFO: [Vivado 12-24828] Executing command : report_route_status -file top_route_status.rpt -pb top_route_status.pb
INFO: [Vivado 12-24828] Executing command : report_power -file top_power_routed.rpt -pb top_power_summary_routed.pb -rpx top_power_routed.rpx
Command: report_power -file top_power_routed.rpt -pb top_power_summary_routed.pb -rpx top_power_routed.rpx
Running Vector-less Activity Propagation...

Finished Running Vector-less Activity Propagation
183 Infos, 3 Warnings, 3 Critical Warnings and 0 Errors encountered.
report_power completed successfully
INFO: [Vivado 12-24828] Executing command : report_clock_utilization -file top_clock_utilization_routed.rpt
INFO: [Vivado 12-24828] Executing command : report_bus_skew -warn_on_violation -file top_bus_skew_routed.rpt -pb top_bus_skew_routed.pb -rpx top_bus_skew_routed.rpx
INFO: [Timing 38-91] UpdateTimingParams: Speed grade: -1, Delay Type: min_max.
INFO: [Timing 38-191] Multithreading enabled for timing update using a maximum of 2 CPUs
generate_parallel_reports: Time (s): cpu = 00:00:27 ; elapsed = 00:00:15 . Memory (MB): peak = 2015.141 ; gain = 15.895
Write ShapeDB Complete: Time (s): cpu = 00:00:00 ; elapsed = 00:00:00.004 . Memory (MB): peak = 2015.141 ; gain = 0.000
INFO: [Timing 38-480] Writing timing data to binary archive.
Wrote PlaceDB: Time (s): cpu = 00:00:00 ; elapsed = 00:00:00.102 . Memory (MB): peak = 2015.141 ; gain = 0.000
Wrote PulsedLatchDB: Time (s): cpu = 00:00:00 ; elapsed = 00:00:00 . Memory (MB): peak = 2015.141 ; gain = 0.000
Writing XDEF routing.
Writing XDEF routing logical nets.
Writing XDEF routing special nets.
Wrote RouteStorage: Time (s): cpu = 00:00:00 ; elapsed = 00:00:00.045 . Memory (MB): peak = 2015.141 ; gain = 0.000
Wrote Netlist Cache: Time (s): cpu = 00:00:00 ; elapsed = 00:00:00.002 . Memory (MB): peak = 2015.141 ; gain = 0.000
Wrote Device Cache: Time (s): cpu = 00:00:00 ; elapsed = 00:00:00.014 . Memory (MB): peak = 2015.141 ; gain = 0.000
Write Physdb Complete: Time (s): cpu = 00:00:00 ; elapsed = 00:00:00.177 . Memory (MB): peak = 2015.141 ; gain = 0.000
INFO: [Common 17-1381] The checkpoint 'C:/Users/Tudor/Desktop/test_rom/project_1/project_1.runs/impl_1/top_routed.dcp' has been generated.
Command: write_bitstream -force top.bit
Attempting to get a license for feature 'Implementation' and/or device 'xc7a35t'
INFO: [Common 17-349] Got license for feature 'Implementation' and/or device 'xc7a35t'
Running DRC as a precondition to command write_bitstream
INFO: [IP_Flow 19-1839] IP Catalog is up to date.
INFO: [DRC 23-27] Running DRC with 2 threads
INFO: [Vivado 12-3199] DRC finished with 0 Errors
INFO: [Vivado 12-3200] Please refer to the DRC report (report_drc) for more information.
INFO: [Designutils 20-2272] Running write_bitstream with 2 threads.
Loading data files...
Loading site data...
Loading route data...
Processing options...
Creating bitmap...
Creating bitstream...
Writing bitstream ./top.bit...
INFO: [Vivado 12-1842] Bitgen Completed Successfully.
INFO: [Project 1-1876] WebTalk data collection is mandatory when using a ULT device. To see the specific WebTalk data collected for your design, open the usage_statistics_webtalk.html or usage_statistics_webtalk.xml file in the implementation directory.
INFO: [Common 17-83] Releasing license: Implementation
198 Infos, 3 Warnings, 3 Critical Warnings and 0 Errors encountered.
write_bitstream completed successfully
write_bitstream: Time (s): cpu = 00:00:29 ; elapsed = 00:00:22 . Memory (MB): peak = 2472.410 ; gain = 457.270
INFO: [Common 17-206] Exiting Vivado at Fri Apr 24 08:14:05 2026...
